[0.007s] Invoking command in '/home/poochandi/ros2_ws/build/spring_system': CMAKE_PREFIX_PATH=${CMAKE_PREFIX_PATH}:/opt/ros/humble /usr/bin/cmake --build /home/poochandi/ros2_ws/build/spring_system -- -j12 -l12
[0.039s] [35m[1mConsolidate compiler generated dependencies of target spring_system[0m
[0.052s] [ 50%] [32mBuilding CXX object CMakeFiles/spring_system.dir/src/spring_system.cpp.o[0m
[1.255s] [01m[K/home/poochandi/ros2_ws/src/spring_system/src/spring_system.cpp:[m[K In member function â€˜[01m[Kvoid springsys::features()[m[Kâ€™:
[1.255s] [01m[K/home/poochandi/ros2_ws/src/spring_system/src/spring_system.cpp:27:29:[m[K [01;31m[Kerror: [m[Kâ€˜[01m[Kx[m[Kâ€™ was not declared in this scope; did you mean â€˜[01m[Kx_[m[Kâ€™?
[1.255s]    27 |        const double a = -(k*[01;31m[Kx[m[K)/m;
[1.255s]       |                             [01;31m[K^[m[K
[1.255s]       |                             [32m[Kx_[m[K
[1.255s] [01m[K/home/poochandi/ros2_ws/src/spring_system/src/spring_system.cpp:29:8:[m[K [01;31m[Kerror: [m[Kexpected â€˜[01m[K;[m[Kâ€™ before â€˜[01m[Kx_[m[Kâ€™
[1.255s]    29 |        [01;31m[Kx_[m[K += v*dt ;
[1.255s]       |        [01;31m[K^~[m[K
[1.257s] [01m[K/home/poochandi/ros2_ws/src/spring_system/src/spring_system.cpp:33:33:[m[K [01;31m[Kerror: [m[Kâ€˜[01m[Kv[m[Kâ€™ was not declared in this scope; did you mean â€˜[01m[Kv_[m[Kâ€™?
[1.257s]    33 |        const double F_damp = -b*[01;31m[Kv[m[K;
[1.257s]       |                                 [01;31m[K^[m[K
[1.257s]       |                                 [32m[Kv_[m[K
[1.259s] [01m[K/home/poochandi/ros2_ws/src/spring_system/src/spring_system.cpp:53:31:[m[K [01;31m[Kerror: [m[Kâ€˜[01m[Krx[m[Kâ€™ was not declared in this scope
[1.259s]    53 |        ball.pose.position.x = [01;31m[Krx[m[K;
[1.260s]       |                               [01;31m[K^~[m[K
[1.261s] [01m[K/home/poochandi/ros2_ws/src/spring_system/src/spring_system.cpp:54:31:[m[K [01;31m[Kerror: [m[Kâ€˜[01m[Kry[m[Kâ€™ was not declared in this scope; did you mean â€˜[01m[Ky[m[Kâ€™?
[1.262s]    54 |        ball.pose.position.y = [01;31m[Kry[m[K;
[1.262s]       |                               [01;31m[K^~[m[K
[1.262s]       |                               [32m[Ky[m[K
[1.264s] [01m[K/home/poochandi/ros2_ws/src/spring_system/src/spring_system.cpp:55:31:[m[K [01;31m[Kerror: [m[Kâ€˜[01m[Krz[m[Kâ€™ was not declared in this scope; did you mean â€˜[01m[Kz[m[Kâ€™?
[1.264s]    55 |        ball.pose.position.z = [01;31m[Krz[m[K;
[1.264s]       |                               [01;31m[K^~[m[K
[1.264s]       |                               [32m[Kz[m[K
[1.264s] [01m[K/home/poochandi/ros2_ws/src/spring_system/src/spring_system.cpp:78:46:[m[K [01;31m[Kerror: [m[Kfound â€˜[01m[K:[m[Kâ€™ in nested-name-specifier, expected â€˜[01m[K::[m[Kâ€™
[1.264s]    78 |        visualization_msgs::msg::Marker spring[01;31m[K:[m[K
[1.264s]       |                                              [01;31m[K^[m[K
[1.264s]       |                                              [32m[K::[m[K
[1.264s] [01m[K/home/poochandi/ros2_ws/src/spring_system/src/spring_system.cpp:78:40:[m[K [01;31m[Kerror: [m[Kâ€˜[01m[Kspring[m[Kâ€™ has not been declared
[1.264s]    78 |        visualization_msgs::msg::Marker [01;31m[Kspring[m[K:
[1.264s]       |                                        [01;31m[K^~~~~~[m[K
[1.264s] [01m[K/home/poochandi/ros2_ws/src/spring_system/src/spring_system.cpp:79:14:[m[K [01;31m[Kerror: [m[Kqualified-id in declaration before â€˜[01m[K.[m[Kâ€™ token
[1.264s]    79 |        spring[01;31m[K.[m[Kheader,frame_id = "map";
[1.265s]       |              [01;31m[K^[m[K
[1.266s] [01m[K/home/poochandi/ros2_ws/src/spring_system/src/spring_system.cpp:80:8:[m[K [01;31m[Kerror: [m[Kâ€˜[01m[Kspring[m[Kâ€™ was not declared in this scope; did you mean â€˜[01m[Ksprintf[m[Kâ€™?
[1.266s]    80 |        [01;31m[Kspring[m[K.header.stamp = rclcpp::Clock().now();
[1.267s]       |        [01;31m[K^~~~~~[m[K
[1.267s]       |        [32m[Ksprintf[m[K
[1.267s] [01m[K/home/poochandi/ros2_ws/src/spring_system/src/spring_system.cpp:83:42:[m[K [01;31m[Kerror: [m[Kâ€˜[01m[Kvisualization_msgs::Marker[m[Kâ€™ has not been declared
[1.267s]    83 |        spring.type = visualization_msgs::[01;31m[KMarker[m[K::LINE_STRIP;
[1.267s]       |                                          [01;31m[K^~~~~~[m[K
[1.268s] [01m[K/home/poochandi/ros2_ws/src/spring_system/src/spring_system.cpp:30:21:[m[K [01;35m[Kwarning: [m[Kunused variable â€˜[01m[Ky[m[Kâ€™ [[01;35m[K]8;;https://gcc.gnu.org/onlinedocs/gcc/Warning-Options.html#index-Wunused-variable-Wunused-variable]8;;[m[K]
[1.268s]    30 |        const double [01;35m[Ky[m[K = 0;
[1.268s]       |                     [01;35m[K^[m[K
[1.268s] [01m[K/home/poochandi/ros2_ws/src/spring_system/src/spring_system.cpp:31:21:[m[K [01;35m[Kwarning: [m[Kunused variable â€˜[01m[Kz[m[Kâ€™ [[01;35m[K]8;;https://gcc.gnu.org/onlinedocs/gcc/Warning-Options.html#index-Wunused-variable-Wunused-variable]8;;[m[K]
[1.268s]    31 |        const double [01;35m[Kz[m[K = 0.0;
[1.268s]       |                     [01;35m[K^[m[K
[1.268s] [01m[K/home/poochandi/ros2_ws/src/spring_system/src/spring_system.cpp:34:21:[m[K [01;35m[Kwarning: [m[Kunused variable â€˜[01m[KF_net[m[Kâ€™ [[01;35m[K]8;;https://gcc.gnu.org/onlinedocs/gcc/Warning-Options.html#index-Wunused-variable-Wunused-variable]8;;[m[K]
[1.268s]    34 |        const double [01;35m[KF_net[m[K = F_spr + F_damp;
[1.268s]       |                     [01;35m[K^~~~~[m[K
[1.710s] gmake[2]: *** [CMakeFiles/spring_system.dir/build.make:76: CMakeFiles/spring_system.dir/src/spring_system.cpp.o] Error 1
[1.710s] gmake[1]: *** [CMakeFiles/Makefile2:137: CMakeFiles/spring_system.dir/all] Error 2
[1.710s] gmake: *** [Makefile:146: all] Error 2
[1.712s] Invoked command in '/home/poochandi/ros2_ws/build/spring_system' returned '2': CMAKE_PREFIX_PATH=${CMAKE_PREFIX_PATH}:/opt/ros/humble /usr/bin/cmake --build /home/poochandi/ros2_ws/build/spring_system -- -j12 -l12
