[01m[K/home/poochandi/ros2_ws/src/spring_system/src/spring_system.cpp:[m[K In constructor â€˜[01m[Kspringsys::springsys()[m[Kâ€™:
[01m[K/home/poochandi/ros2_ws/src/spring_system/src/spring_system.cpp:15:41:[m[K [01;31m[Kerror: [m[Kclass â€˜[01m[Kspringsys[m[Kâ€™ does not have any field named â€˜[01m[Ktheta_[m[Kâ€™
   15 |       springsys():Node("springsystem"), [01;31m[Ktheta_[m[K(0)
      |                                         [01;31m[K^~~~~~[m[K
[01m[K/home/poochandi/ros2_ws/src/spring_system/src/spring_system.cpp:17:9:[m[K [01;31m[Kerror: [m[Kâ€˜[01m[Kpub_[m[Kâ€™ was not declared in this scope
   17 |         [01;31m[Kpub_[m[K=this->create_publisher<visualization_msgs::msg::Marker>("visualize_markers",10);
      |         [01;31m[K^~~~[m[K
[01m[K/home/poochandi/ros2_ws/src/spring_system/src/spring_system.cpp:18:9:[m[K [01;31m[Kerror: [m[Kâ€˜[01m[Ktimer_[m[Kâ€™ was not declared in this scope; did you mean â€˜[01m[Ktimer_t[m[Kâ€™?
   18 |         [01;31m[Ktimer_[m[K=this->create_wall_timer(33ms, std::bind(&springsys::features, this));
      |         [01;31m[K^~~~~~[m[K
      |         [32m[Ktimer_t[m[K
[01m[K/home/poochandi/ros2_ws/src/spring_system/src/spring_system.cpp:[m[K In member function â€˜[01m[Kvoid springsys::features()[m[Kâ€™:
[01m[K/home/poochandi/ros2_ws/src/spring_system/src/spring_system.cpp:26:8:[m[K [01;31m[Kerror: [m[Kâ€˜[01m[Ktheta_[m[Kâ€™ was not declared in this scope
   26 |        [01;31m[Ktheta_[m[K += omega * dt;
      |        [01;31m[K^~~~~~[m[K
[01m[K/home/poochandi/ros2_ws/src/spring_system/src/spring_system.cpp:53:8:[m[K [01;31m[Kerror: [m[Kâ€˜[01m[Kpub_[m[Kâ€™ was not declared in this scope
   53 |        [01;31m[Kpub_[m[K->publish(ball);
      |        [01;31m[K^~~~[m[K
gmake[2]: *** [CMakeFiles/spring_system.dir/build.make:76: CMakeFiles/spring_system.dir/src/spring_system.cpp.o] Error 1
gmake[1]: *** [CMakeFiles/Makefile2:137: CMakeFiles/spring_system.dir/all] Error 2
gmake: *** [Makefile:146: all] Error 2
