[0.006s] Invoking command in '/home/poochandi/ros2_ws/build/spring_system': CMAKE_PREFIX_PATH=${CMAKE_PREFIX_PATH}:/opt/ros/humble /usr/bin/cmake /home/poochandi/ros2_ws/src/spring_system -DCMAKE_INSTALL_PREFIX=/home/poochandi/ros2_ws/install/spring_system
[0.047s] -- The C compiler identification is GNU 11.4.0
[0.089s] -- The CXX compiler identification is GNU 11.4.0
[0.093s] -- Detecting C compiler ABI info
[0.142s] -- Detecting C compiler ABI info - done
[0.148s] -- Check for working C compiler: /usr/bin/cc - skipped
[0.149s] -- Detecting C compile features
[0.149s] -- Detecting C compile features - done
[0.151s] -- Detecting CXX compiler ABI info
[0.206s] -- Detecting CXX compiler ABI info - done
[0.210s] -- Check for working CXX compiler: /usr/bin/c++ - skipped
[0.210s] -- Detecting CXX compile features
[0.211s] -- Detecting CXX compile features - done
[0.212s] -- Found ament_cmake: 1.3.12 (/opt/ros/humble/share/ament_cmake/cmake)
[0.310s] -- Found Python3: /usr/bin/python3 (found version "3.10.12") found components: Interpreter 
[0.379s] -- Found rclcpp: 16.0.17 (/opt/ros/humble/share/rclcpp/cmake)
[0.400s] -- Found rosidl_generator_c: 3.1.8 (/opt/ros/humble/share/rosidl_generator_c/cmake)
[0.402s] -- Found rosidl_adapter: 3.1.8 (/opt/ros/humble/share/rosidl_adapter/cmake)
[0.406s] -- Found rosidl_generator_cpp: 3.1.8 (/opt/ros/humble/share/rosidl_generator_cpp/cmake)
[0.412s] -- Using all available rosidl_typesupport_c: rosidl_typesupport_fastrtps_c;rosidl_typesupport_introspection_c
[0.420s] -- Using all available rosidl_typesupport_cpp: rosidl_typesupport_fastrtps_cpp;rosidl_typesupport_introspection_cpp
[0.449s] -- Found rmw_implementation_cmake: 6.1.2 (/opt/ros/humble/share/rmw_implementation_cmake/cmake)
[0.451s] -- Found rmw_fastrtps_cpp: 6.2.9 (/opt/ros/humble/share/rmw_fastrtps_cpp/cmake)
[0.518s] -- Found OpenSSL: /usr/lib/x86_64-linux-gnu/libcrypto.so (found version "3.0.2")  
[0.533s] -- Found FastRTPS: /opt/ros/humble/include  
[0.560s] -- Using RMW implementation 'rmw_fastrtps_cpp' as default
[0.565s] -- Looking for pthread.h
[0.620s] -- Looking for pthread.h - found
[0.620s] -- Performing Test CMAKE_HAVE_LIBC_PTHREAD
[0.678s] -- Performing Test CMAKE_HAVE_LIBC_PTHREAD - Success
[0.679s] -- Found Threads: TRUE  
[0.706s] -- Found visualization_msgs: 4.9.0 (/opt/ros/humble/share/visualization_msgs/cmake)
[0.737s] -- Found ament_lint_auto: 0.12.14 (/opt/ros/humble/share/ament_lint_auto/cmake)
[0.784s] -- Added test 'cppcheck' to perform static code analysis on C / C++ code
[0.784s] -- Configured cppcheck include dirs: 
[0.784s] -- Configured cppcheck exclude dirs and/or files: 
[0.784s] -- Added test 'lint_cmake' to check CMake code style
[0.784s] -- Added test 'uncrustify' to check C / C++ code style
[0.784s] -- Configured uncrustify additional arguments: 
[0.785s] -- Added test 'xmllint' to check XML markup files
[0.785s] -- Configuring done
[0.790s] -- Generating done
[0.792s] -- Build files have been written to: /home/poochandi/ros2_ws/build/spring_system
[0.799s] Invoked command in '/home/poochandi/ros2_ws/build/spring_system' returned '0': CMAKE_PREFIX_PATH=${CMAKE_PREFIX_PATH}:/opt/ros/humble /usr/bin/cmake /home/poochandi/ros2_ws/src/spring_system -DCMAKE_INSTALL_PREFIX=/home/poochandi/ros2_ws/install/spring_system
[0.801s] Invoking command in '/home/poochandi/ros2_ws/build/spring_system': CMAKE_PREFIX_PATH=${CMAKE_PREFIX_PATH}:/opt/ros/humble /usr/bin/cmake --build /home/poochandi/ros2_ws/build/spring_system -- -j12 -l12
[0.838s] [ 50%] [32mBuilding CXX object CMakeFiles/spring_system.dir/src/spring_system.cpp.o[0m
[2.027s] [01m[K/home/poochandi/ros2_ws/src/spring_system/src/spring_system.cpp:[m[K In constructor â€˜[01m[Kspringsys::springsys()[m[Kâ€™:
[2.027s] [01m[K/home/poochandi/ros2_ws/src/spring_system/src/spring_system.cpp:15:41:[m[K [01;31m[Kerror: [m[Kclass â€˜[01m[Kspringsys[m[Kâ€™ does not have any field named â€˜[01m[Ktheta_[m[Kâ€™
[2.027s]    15 |       springsys():Node("springsystem"), [01;31m[Ktheta_[m[K(0)
[2.027s]       |                                         [01;31m[K^~~~~~[m[K
[2.029s] [01m[K/home/poochandi/ros2_ws/src/spring_system/src/spring_system.cpp:17:9:[m[K [01;31m[Kerror: [m[Kâ€˜[01m[Kpub_[m[Kâ€™ was not declared in this scope
[2.029s]    17 |         [01;31m[Kpub_[m[K=this->create_publisher<visualization_msgs::msg::Marker>("visualize_markers",10);
[2.030s]       |         [01;31m[K^~~~[m[K
[2.035s] [01m[K/home/poochandi/ros2_ws/src/spring_system/src/spring_system.cpp:18:9:[m[K [01;31m[Kerror: [m[Kâ€˜[01m[Ktimer_[m[Kâ€™ was not declared in this scope; did you mean â€˜[01m[Ktimer_t[m[Kâ€™?
[2.035s]    18 |         [01;31m[Ktimer_[m[K=this->create_wall_timer(33ms, std::bind(&springsys::features, this));
[2.035s]       |         [01;31m[K^~~~~~[m[K
[2.035s]       |         [32m[Ktimer_t[m[K
[2.044s] [01m[K/home/poochandi/ros2_ws/src/spring_system/src/spring_system.cpp:[m[K In member function â€˜[01m[Kvoid springsys::features()[m[Kâ€™:
[2.044s] [01m[K/home/poochandi/ros2_ws/src/spring_system/src/spring_system.cpp:26:8:[m[K [01;31m[Kerror: [m[Kâ€˜[01m[Ktheta_[m[Kâ€™ was not declared in this scope
[2.044s]    26 |        [01;31m[Ktheta_[m[K += omega * dt;
[2.044s]       |        [01;31m[K^~~~~~[m[K
[2.047s] [01m[K/home/poochandi/ros2_ws/src/spring_system/src/spring_system.cpp:53:8:[m[K [01;31m[Kerror: [m[Kâ€˜[01m[Kpub_[m[Kâ€™ was not declared in this scope
[2.047s]    53 |        [01;31m[Kpub_[m[K->publish(ball);
[2.047s]       |        [01;31m[K^~~~[m[K
[2.412s] gmake[2]: *** [CMakeFiles/spring_system.dir/build.make:76: CMakeFiles/spring_system.dir/src/spring_system.cpp.o] Error 1
[2.412s] gmake[1]: *** [CMakeFiles/Makefile2:137: CMakeFiles/spring_system.dir/all] Error 2
[2.412s] gmake: *** [Makefile:146: all] Error 2
[2.415s] Invoked command in '/home/poochandi/ros2_ws/build/spring_system' returned '2': CMAKE_PREFIX_PATH=${CMAKE_PREFIX_PATH}:/opt/ros/humble /usr/bin/cmake --build /home/poochandi/ros2_ws/build/spring_system -- -j12 -l12
