[01m[K/home/poochandi/ros2_ws/src/spring_system/src/spring_system.cpp:[m[K In member function â€˜[01m[Kvoid springsys::features()[m[Kâ€™:
[01m[K/home/poochandi/ros2_ws/src/spring_system/src/spring_system.cpp:34:14:[m[K [01;31m[Kerror: [m[Kâ€˜[01m[Kv[m[Kâ€™ was not declared in this scope; did you mean â€˜[01m[Kv_[m[Kâ€™?
   34 |        x_ += [01;31m[Kv[m[K*dt;
      |              [01;31m[K^[m[K
      |              [32m[Kv_[m[K
[01m[K/home/poochandi/ros2_ws/src/spring_system/src/spring_system.cpp:83:42:[m[K [01;31m[Kerror: [m[Kâ€˜[01m[Kvisualization_msgs::Marker[m[Kâ€™ has not been declared
   83 |        spring.type = visualization_msgs::[01;31m[KMarker[m[K::LINE_STRIP;
      |                                          [01;31m[K^~~~~~[m[K
gmake[2]: *** [CMakeFiles/spring_system.dir/build.make:76: CMakeFiles/spring_system.dir/src/spring_system.cpp.o] Error 1
gmake[1]: *** [CMakeFiles/Makefile2:137: CMakeFiles/spring_system.dir/all] Error 2
gmake: *** [Makefile:146: all] Error 2
