[0.007s] Invoking command in '/home/poochandi/ros2_ws/build/spring_system': CMAKE_PREFIX_PATH=${CMAKE_PREFIX_PATH}:/opt/ros/humble /usr/bin/cmake --build /home/poochandi/ros2_ws/build/spring_system -- -j12 -l12
[0.040s] [35m[1mConsolidate compiler generated dependencies of target spring_system[0m
[0.051s] [ 50%] [32mBuilding CXX object CMakeFiles/spring_system.dir/src/spring_system.cpp.o[0m
[1.301s] [01m[K/home/poochandi/ros2_ws/src/spring_system/src/spring_system.cpp:[m[K In member function â€˜[01m[Kvoid springsys::features()[m[Kâ€™:
[1.301s] [01m[K/home/poochandi/ros2_ws/src/spring_system/src/spring_system.cpp:34:14:[m[K [01;31m[Kerror: [m[Kâ€˜[01m[Kv[m[Kâ€™ was not declared in this scope; did you mean â€˜[01m[Kv_[m[Kâ€™?
[1.301s]    34 |        x_ += [01;31m[Kv[m[K*dt;
[1.301s]       |              [01;31m[K^[m[K
[1.301s]       |              [32m[Kv_[m[K
[1.301s] [01m[K/home/poochandi/ros2_ws/src/spring_system/src/spring_system.cpp:83:42:[m[K [01;31m[Kerror: [m[Kâ€˜[01m[Kvisualization_msgs::Marker[m[Kâ€™ has not been declared
[1.301s]    83 |        spring.type = visualization_msgs::[01;31m[KMarker[m[K::LINE_STRIP;
[1.301s]       |                                          [01;31m[K^~~~~~[m[K
[1.746s] gmake[2]: *** [CMakeFiles/spring_system.dir/build.make:76: CMakeFiles/spring_system.dir/src/spring_system.cpp.o] Error 1
[1.747s] gmake[1]: *** [CMakeFiles/Makefile2:137: CMakeFiles/spring_system.dir/all] Error 2
[1.747s] gmake: *** [Makefile:146: all] Error 2
[1.749s] Invoked command in '/home/poochandi/ros2_ws/build/spring_system' returned '2': CMAKE_PREFIX_PATH=${CMAKE_PREFIX_PATH}:/opt/ros/humble /usr/bin/cmake --build /home/poochandi/ros2_ws/build/spring_system -- -j12 -l12
